<?xml version="1.0" encoding="UTF-8"?>
<TestRun id="110286b0-5f48-4473-a39f-87252dc2311b" name="Clover@CLOVER-PC 2011-11-20 14:27:43" runUser="Clover-PC\Clover" xmlns="http://microsoft.com/schemas/VisualStudio/TeamTest/2010">
  <TestSettings name="Local" id="b480194b-a83b-4e5c-a01a-db1c7cd62fbd">
    <Description>
    These are default test settings for a local test run.
  </Description>
    <Deployment enabled="false" runDeploymentRoot="Clover_CLOVER-PC 2011-11-20 14_27_43">
      <DeploymentItem filename="D:\My Document\MyServer\Clover.Proxy\Source\Clover.Proxy\bin\Debug\Clover.Proxy.dll" />
    </Deployment>
    <Execution>
      <TestTypeSpecific />
      <AgentRule name="Execution Agents">
      </AgentRule>
    </Execution>
  </TestSettings>
  <Times creation="2011-11-20T14:27:43.8626352+08:00" queuing="2011-11-20T14:27:45.2026370+08:00" start="2011-11-20T14:27:45.4526374+08:00" finish="2011-11-20T14:28:06.0566664+08:00" />
  <ResultSummary outcome="Error">
    <Counters total="1" executed="1" error="0" failed="0" timeout="0" aborted="1" inconclusive="0" passedButRunAborted="0" notRunnable="0" notExecuted="0" disconnected="0" warning="0" passed="0" completed="0" inProgress="0" pending="0" />
    <RunInfos>
      <RunInfo computerName="CLOVER-PC" outcome="Error" timestamp="2011-11-20T14:28:06.0566664+08:00">
        <Text>Test host process exited unexpectedly.</Text>
      </RunInfo>
    </RunInfos>
  </ResultSummary>
  <TestDefinitions>
    <UnitTest name="CreateByTypeTest" storage="d:\my document\myserver\clover.proxy\source\unittest\bin\debug\unittest.dll" id="0dee65b0-2759-3175-a8bf-af64596c6f03">
      <Execution id="7e66297c-de42-43ec-81fb-68d085f57331" />
      <TestMethod codeBase="D:/My Document/MyServer/Clover.Proxy/Source/UnitTest/bin/Debug/UnitTest.DLL" adapterTypeName="Microsoft.VisualStudio.TestTools.TestTypes.Unit.UnitTestAdapter, Microsoft.VisualStudio.QualityTools.Tips.UnitTest.Adapter, Version=10.0.0.0, Culture=neutral, PublicKeyToken=b03f5f7f11d50a3a" className="UnitTest.ProxyConfigurationTest, UnitTest, Version=1.0.0.0, Culture=neutral, PublicKeyToken=null" name="CreateByTypeTest" />
    </UnitTest>
  </TestDefinitions>
  <TestLists>
    <TestList name="Results Not in a List" id="8c84fa94-04c1-424b-9868-57a2d4851a1d" />
    <TestList name="All Loaded Results" id="19431567-8539-422a-85d7-44ee4e166bda" />
  </TestLists>
  <TestEntries>
    <TestEntry testId="0dee65b0-2759-3175-a8bf-af64596c6f03" executionId="7e66297c-de42-43ec-81fb-68d085f57331" testListId="8c84fa94-04c1-424b-9868-57a2d4851a1d" />
  </TestEntries>
  <Results>
    <UnitTestResult executionId="7e66297c-de42-43ec-81fb-68d085f57331" testId="0dee65b0-2759-3175-a8bf-af64596c6f03" testName="CreateByTypeTest" computerName="CLOVER-PC" duration="00:00:20.3840287" startTime="2011-11-20T14:27:45.6726377+08:00" endTime="2011-11-20T14:28:06.0566664+08:00" testType="13cdc9d9-ddb5-4fa4-a97d-d965ccfc6d4b" outcome="Aborted" testListId="8c84fa94-04c1-424b-9868-57a2d4851a1d" relativeResultsDirectory="7e66297c-de42-43ec-81fb-68d085f57331">
    </UnitTestResult>
  </Results>
</TestRun>